-- GLOB mismatch!
-- CPM: adding package cmake-scripts@0 (1f822d1fc87c8d7720c074cde8a278b44963c354)
-- clang-tidy found: /data/data/com.termux/files/usr/bin/clang-tidy
-- clang-tidy NOT ENABLED via 'CLANG_TIDY' variable!
-- include-what-you-use found: /data/data/com.termux/files/usr/bin/include-what-you-use
-- cppcheck not found!
-- CPM: adding package PackageProject.cmake@1.6.0 (v1.6.0)
-- CPM: using local package fmt@7.1.3
-- CPM: adding package GSL@3.1.0 (v3.1.0)
-- CPM: using local package xtl@0.6.23
-- CPM: using local package xtensor@0.22.0
-- CPM: adding package doctest@2.4.5 (2.4.5)
-- CPM: adding package Format.cmake@1.7.0 (v1.7.0)
-- CPM: adding package cxxopts@2.2.1 (v2.2.1)
-- cxxopts version 2.2.0
-- CPM: adding package m.css@0 (42d4a9a48f31f5df6e246c948403b54b50574a2a)
-- Configuring done
-- Generating done
-- Build files have been written to: /data/data/com.termux/files/home/github/lds-cpp/build
[ 11%] Building CXX object CMakeFiles/Lds.dir/source/greeter.cpp.o
[ 22%] Building CXX object CMakeFiles/Lds.dir/source/low_discr_seq_n.cpp.o
Warning: include-what-you-use reported diagnostics:

/data/data/com.termux/files/home/github/lds-cpp/source/low_discr_seq_n.cpp should add these lines:
#include <tuple>                        // for tuple

/data/data/com.termux/files/home/github/lds-cpp/source/low_discr_seq_n.cpp should remove these lines:

The full include-list for /data/data/com.termux/files/home/github/lds-cpp/source/low_discr_seq_n.cpp:
#include <stddef.h>                     // for size_t
#include <cassert>                      // for assert
#include <cmath>                        // for cos, sin, sqrt
#include <gsl/span>                     // for span
#include <lds/low_discr_seq_n.hpp>      // for sphere_n, cylin_n, cylin_2
#include <memory>                       // for unique_ptr, make_unique
#include <tuple>                        // for tuple
#include <type_traits>                  // for move, remove_reference<>::type
#include <variant>                      // for visit, variant
#include <vector>                       // for vector
#include <xtensor/xaccessible.hpp>      // for xconst_accessible
#include <xtensor/xbuilder.hpp>         // for linspace
#include <xtensor/xfunction.hpp>        // for xfunction
#include <xtensor/xgenerator.hpp>       // for xgenerator
#include <xtensor/xiterator.hpp>        // for linear_begin
#include <xtensor/xlayout.hpp>          // for layout_type, layout_type::row...
#include <xtensor/xmath.hpp>            // for cos, interp, pow, sin, numeri...
#include <xtensor/xoperation.hpp>       // for xfunction_type_t, operator*
#include <xtensor/xtensor.hpp>          // for xtensor_container
#include <xtensor/xtensor_forward.hpp>  // for xtensor, xarray
#include "lds/low_discr_seq.hpp"        // for vdcorput, sphere
---

[ 33%] Linking CXX static library libLds.a
[ 33%] Built target Lds
[ 44%] Building CXX object test/CMakeFiles/LdsTests.dir/source/main.cpp.o
[ 55%] Building CXX object test/CMakeFiles/LdsTests.dir/source/test_low_discr_seq.cpp.o
Warning: include-what-you-use reported diagnostics:

/data/data/com.termux/files/home/github/lds-cpp/test/source/test_low_discr_seq.cpp should add these lines:
#include <gsl/span>               // for span

/data/data/com.termux/files/home/github/lds-cpp/test/source/test_low_discr_seq.cpp should remove these lines:

The full include-list for /data/data/com.termux/files/home/github/lds-cpp/test/source/test_low_discr_seq.cpp:
#include <doctest/doctest.h>      // for Approx, ResultBuilder, TestCase, CHECK
#include <gsl/span>               // for span
#include <lds/low_discr_seq.hpp>  // for circle, halton, sphere, sphere3_hopf
---

[ 66%] Building CXX object test/CMakeFiles/LdsTests.dir/source/test_low_discr_seq_n.cpp.o
Warning: include-what-you-use reported diagnostics:

/data/data/com.termux/files/home/github/lds-cpp/test/source/test_low_discr_seq_n.cpp should add these lines:
#include <gsl/span>                 // for span
#include <vector>                   // for vector

/data/data/com.termux/files/home/github/lds-cpp/test/source/test_low_discr_seq_n.cpp should remove these lines:

The full include-list for /data/data/com.termux/files/home/github/lds-cpp/test/source/test_low_discr_seq_n.cpp:
#include <doctest/doctest.h>        // for Approx, ResultBuilder, TestCase
#include <gsl/span>                 // for span
#include <lds/low_discr_seq_n.hpp>  // for cylin_n, halton_n, sphere3, sphere_n
#include <vector>                   // for vector
---

[ 77%] Linking CXX executable LdsTests
[ 77%] Built target LdsTests
[ 88%] Building CXX object standalone/CMakeFiles/LdsStandalone.dir/source/main.cpp.o
[100%] Linking CXX executable Lds
[100%] Built target LdsStandalone
